[debug] > Exec(reload, None, None)
[debug] > Exec(sbtStashOnFailure, None, None)
[debug] > Exec(onFailure loadFailed, None, None)
[debug] > Exec(loadp, None, None)
[info] welcome to sbt 1.10.7 (Oracle Corporation Java 24.0.1)
[debug] Load.defaultLoad until apply took 1.709ms
[debug]           Load.loadUnit: plugins took 14.1671ms
[debug]           Load.loadUnit: defsScala took 0.0031ms
[debug] [Loading] Scanning directory C:\Users\Levente\Downloads\demo\demo\project
[debug]             Load.loadUnit: mkEval took 0.2167ms
[debug] [Loading] Found non-root projects 
[debug] [Loading] Done in C:\Users\Levente\Downloads\demo\demo\project, returning: ()
[debug] deducing auto plugins based on known facts Set(Atom(sbt.plugins.CorePlugin)) and clauses Clauses(Clause(Atom(sbt.plugins.JvmPlugin),Set(Atom(sbt.plugins.IvyPlugin)))
[debug] Clause(Atom(sbt.ScriptedPlugin),Set(Atom(sbt.plugins.JvmPlugin)))
[debug] Clause(Atom(sbt.plugins.SbtPlugin),Set(Atom(sbt.ScriptedPlugin)))
[debug] Clause(Atom(sbt.plugins.SemanticdbPlugin),Set(Atom(sbt.plugins.JvmPlugin)))
[debug] Clause(Atom(sbt.plugins.JUnitXmlReportPlugin),Set(Atom(sbt.plugins.JvmPlugin)))
[debug] Clause(Atom(sbt.plugins.MiniDependencyTreePlugin),Set(Atom(sbt.plugins.JvmPlugin)))
[debug] Clause(Atom(sbt.plugins.CorePlugin),Set(Atom(sbt.plugins.IvyPlugin)))
[debug] Clause(Atom(sbt.plugins.IvyPlugin),Set(Atom(sbt.plugins.JvmPlugin)))
[debug] Clause(Atom(sbt.plugins.JvmPlugin),Set(Atom(sbt.plugins.SemanticdbPlugin)))
[debug] Clause(Atom(sbt.plugins.JvmPlugin),Set(Atom(sbt.plugins.JUnitXmlReportPlugin)))
[debug] Clause(Atom(sbt.plugins.CorePlugin),Set(Atom(sbt.plugins.Giter8TemplatePlugin)))
[debug] Clause(Atom(sbt.plugins.JvmPlugin),Set(Atom(sbt.plugins.MiniDependencyTreePlugin))))
[debug]   :: deduced result: Matched(sbt.plugins.CorePlugin,sbt.plugins.Giter8TemplatePlugin,sbt.plugins.IvyPlugin,sbt.plugins.JvmPlugin,sbt.plugins.MiniDependencyTreePlugin,sbt.plugins.JUnitXmlReportPlugin,sbt.plugins.SemanticdbPlugin)
[debug] Plugins.deducer#function took 0.8438 ms
[info] loading settings for project demo-build from plugins.sbt, idea.sbt...
[debug]               Load.resolveProject(demo-build) took 1.0116ms
[debug]             Load.loadTransitive: finalizeProject(Project(id demo-build, base: C:\Users\Levente\Downloads\demo\demo\project, plugins: List(<none>))) took 2.1549ms
[debug] [Loading] Done in C:\Users\Levente\Downloads\demo\demo\project, returning: (demo-build)
[debug]           Load.loadUnit: loadedProjectsRaw took 18.0217ms
[debug]           Load.loadUnit: cleanEvalClasses took 2.7756ms
[debug]         Load.loadUnit(file:/C:/Users/Levente/Downloads/demo/demo/project/, ...) took 35.6083ms
[debug]       Load.apply: load took 36.4181ms
[debug]       Load.apply: resolveProjects took 0.071ms
[debug]       Load.apply: finalTransforms took 3.6729ms
[debug]       Load.apply: config.delegates took 0.1465ms
[debug]       Load.apply: Def.make(settings)... took 28.2827ms
[debug]       Load.apply: structureIndex took 11.7239ms
[debug]       Load.apply: mkStreams took 0.0033ms
[info] loading project definition from C:\Users\Levente\Downloads\demo\demo\project
[debug] Running task... Cancel: Signal, check cycles: false, forcegc: true
[debug]     Load.loadUnit: plugins took 219.009ms
[debug]     Load.loadUnit: defsScala took 0.0029ms
[debug] [Loading] Scanning directory C:\Users\Levente\Downloads\demo\demo
[debug]       Load.loadUnit: mkEval took 0.2541ms
[debug] [Loading] Found non-root projects 
[debug] [Loading] Done in C:\Users\Levente\Downloads\demo\demo, returning: ()
[debug] deducing auto plugins based on known facts Set(Atom(sbt.plugins.CorePlugin)) and clauses Clauses(Clause(Atom(sbt.plugins.JvmPlugin),Set(Atom(sbt.plugins.IvyPlugin)))
[debug] Clause(Atom(sbt.ScriptedPlugin),Set(Atom(sbt.plugins.JvmPlugin)))
[debug] Clause(Atom(sbt.plugins.SbtPlugin),Set(Atom(sbt.ScriptedPlugin)))
[debug] Clause(Atom(sbt.plugins.SemanticdbPlugin),Set(Atom(sbt.plugins.JvmPlugin)))
[debug] Clause(Atom(sbt.plugins.JUnitXmlReportPlugin),Set(Atom(sbt.plugins.JvmPlugin)))
[debug] Clause(Atom(sbt.plugins.MiniDependencyTreePlugin),Set(Atom(sbt.plugins.JvmPlugin)))
[debug] Clause(Atom(org.jetbrains.sbt.GenerateAllManagedSourcesPlugin),Set(Atom(sbt.plugins.JvmPlugin)))
[debug] Clause(Atom(org.jetbrains.sbt.StructurePlugin),Set(Atom(sbt.plugins.JvmPlugin)))
[debug] Clause(Atom(org.jetbrains.sbt.IdeaShellPlugin),Set(Atom(sbt.plugins.JvmPlugin)))
[debug] Clause(Atom(sbt.plugins.CorePlugin),Set(Atom(sbt.plugins.IvyPlugin)))
[debug] Clause(Atom(sbt.plugins.IvyPlugin),Set(Atom(sbt.plugins.JvmPlugin)))
[debug] Clause(Atom(sbt.plugins.JvmPlugin),Set(Atom(sbt.plugins.SemanticdbPlugin)))
[debug] Clause(Atom(sbt.plugins.JvmPlugin),Set(Atom(sbt.plugins.JUnitXmlReportPlugin)))
[debug] Clause(Atom(sbt.plugins.CorePlugin),Set(Atom(sbt.plugins.Giter8TemplatePlugin)))
[debug] Clause(Atom(sbt.plugins.JvmPlugin),Set(Atom(sbt.plugins.MiniDependencyTreePlugin)))
[debug] Clause(Atom(sbt.plugins.JvmPlugin),Set(Atom(org.jetbrains.sbt.GenerateAllManagedSourcesPlugin)))
[debug] Clause(Atom(sbt.plugins.JvmPlugin),Set(Atom(org.jetbrains.sbt.StructurePlugin)))
[debug] Clause(Atom(sbt.plugins.JvmPlugin),Set(Atom(org.jetbrains.sbt.IdeaShellPlugin))))
[debug]   :: deduced result: Matched(sbt.plugins.CorePlugin,sbt.plugins.Giter8TemplatePlugin,sbt.plugins.IvyPlugin,sbt.plugins.JvmPlugin,org.jetbrains.sbt.GenerateAllManagedSourcesPlugin,sbt.plugins.SemanticdbPlugin,sbt.plugins.JUnitXmlReportPlugin,org.jetbrains.sbt.IdeaShellPlugin,org.jetbrains.sbt.StructurePlugin,sbt.plugins.MiniDependencyTreePlugin)
[debug] Plugins.deducer#function took 0.984 ms
[info] loading settings for project demo from build.sbt...
[debug]         Load.resolveProject(demo) took 14.6925ms
[debug]       Load.loadTransitive: finalizeProject(Project(id demo, base: C:\Users\Levente\Downloads\demo\demo, plugins: List(<none>))) took 15.9776ms
[debug] [Loading] Done in C:\Users\Levente\Downloads\demo\demo, returning: (demo)
[debug]     Load.loadUnit: loadedProjectsRaw took 603.942ms
[debug]     Load.loadUnit: cleanEvalClasses took 23.4414ms
[debug]   Load.loadUnit(file:/C:/Users/Levente/Downloads/demo/demo/, ...) took 847.1073ms
[debug] Load.apply: load took 848.025ms
[debug] Load.apply: resolveProjects took 0.0787ms
[debug] Load.apply: finalTransforms took 8.5171ms
[debug] Load.apply: config.delegates took 0.1648ms
[debug] Load.apply: Def.make(settings)... took 26.2659ms
[debug] Load.apply: structureIndex took 11.5805ms
[debug] Load.apply: mkStreams took 0.0027ms
[info] set current project to demo (in build file:/C:/Users/Levente/Downloads/demo/demo/)
[debug] > Exec(sbtPopOnFailure, None, None)
[debug] > Exec(resumeFromFailure, None, None)
[debug] > Exec(idea-shell, None, None)
